# JRE version: Java(TM) SE Runtime Environment (8.0_131-b11) (build 1.8.0_131-b11)
# Java VM: Java HotSpot(TM) Client VM (25.131-b11 mixed mode windows-x86 )
Heap:
 def new generation   total 38912K, used 6184K [0x04e00000, 0x07830000, 0x14e00000)
  eden space 34624K,   8% used [0x04e00000, 0x050ef090, 0x06fd0000)
  from space 4288K,  74% used [0x07400000, 0x0771afe0, 0x07830000)
  to   space 4288K,   0% used [0x06fd0000, 0x06fd0000, 0x07400000)
 tenured generation   total 86292K, used 85506K [0x14e00000, 0x1a245000, 0x34e00000)
   the space 86292K,  99% used [0x14e00000, 0x1a180918, 0x1a180a00, 0x1a245000)
 Metaspace       used 38479K, capacity 39319K, committed 39424K, reserved 40320K
GC Heap History (10 events):
Event: 63.070 GC heap before
{Heap before GC invocations=340 (full 3):
 def new generation   total 38912K, used 31510K [0x04e00000, 0x07830000, 0x14e00000)
  eden space 34624K,  87% used [0x04e00000, 0x06b78780, 0x06fd0000)
  from space 4288K,  31% used [0x06fd0000, 0x0711d180, 0x07400000)
  to   space 4288K,   0% used [0x07400000, 0x07400000, 0x07830000)
 tenured generation   total 86292K, used 85177K [0x14e00000, 0x1a245000, 0x34e00000)
   the space 86292K,  98% used [0x14e00000, 0x1a12e5e8, 0x1a12e600, 0x1a245000)
 Metaspace       used 38002K, capacity 38765K, committed 38784K, reserved 39296K
Event: 63.086 GC heap after
Heap after GC invocations=341 (full 3):
 def new generation   total 38912K, used 1485K [0x04e00000, 0x07830000, 0x14e00000)
  eden space 34624K,   0% used [0x04e00000, 0x04e00000, 0x06fd0000)
  from space 4288K,  34% used [0x07400000, 0x07573510, 0x07830000)
  to   space 4288K,   0% used [0x06fd0000, 0x06fd0000, 0x07400000)
 tenured generation   total 86292K, used 85177K [0x14e00000, 0x1a245000, 0x34e00000)
   the space 86292K,  98% used [0x14e00000, 0x1a12e5e8, 0x1a12e600, 0x1a245000)
 Metaspace       used 38002K, capacity 38765K, committed 38784K, reserved 39296K
}
Event: 63.219 GC heap before
{Heap before GC invocations=341 (full 3):
 def new generation   total 38912K, used 29236K [0x04e00000, 0x07830000, 0x14e00000)
  eden space 34624K,  80% used [0x04e00000, 0x06919cc0, 0x06fd0000)
  from space 4288K,  34% used [0x07400000, 0x07573510, 0x07830000)
  to   space 4288K,   0% used [0x06fd0000, 0x06fd0000, 0x07400000)
 tenured generation   total 86292K, used 85177K [0x14e00000, 0x1a245000, 0x34e00000)
   the space 86292K,  98% used [0x14e00000, 0x1a12e5e8, 0x1a12e600, 0x1a245000)
 Metaspace       used 38078K, capacity 38855K, committed 38912K, reserved 39296K
Event: 63.236 GC heap after
Heap after GC invocations=342 (full 3):
 def new generation   total 38912K, used 1897K [0x04e00000, 0x07830000, 0x14e00000)
  eden space 34624K,   0% used [0x04e00000, 0x04e00000, 0x06fd0000)
  from space 4288K,  44% used [0x06fd0000, 0x071aa7d0, 0x07400000)
  to   space 4288K,   0% used [0x07400000, 0x07400000, 0x07830000)
 tenured generation   total 86292K, used 85177K [0x14e00000, 0x1a245000, 0x34e00000)
   the space 86292K,  98% used [0x14e00000, 0x1a12e5e8, 0x1a12e600, 0x1a245000)
 Metaspace       used 38078K, capacity 38855K, committed 38912K, reserved 39296K
}
Event: 63.351 GC heap before
{Heap before GC invocations=342 (full 3):
 def new generation   total 38912K, used 36233K [0x04e00000, 0x07830000, 0x14e00000)
  eden space 34624K,  99% used [0x04e00000, 0x06f87e18, 0x06fd0000)
  from space 4288K,  44% used [0x06fd0000, 0x071aa7d0, 0x07400000)
  to   space 4288K,   0% used [0x07400000, 0x07400000, 0x07830000)
 tenured generation   total 86292K, used 85177K [0x14e00000, 0x1a245000, 0x34e00000)
   the space 86292K,  98% used [0x14e00000, 0x1a12e5e8, 0x1a12e600, 0x1a245000)
 Metaspace       used 38125K, capacity 38921K, committed 39040K, reserved 39296K
Event: 63.370 GC heap after
Heap after GC invocations=343 (full 3):
 def new generation   total 38912K, used 2148K [0x04e00000, 0x07830000, 0x14e00000)
  eden space 34624K,   0% used [0x04e00000, 0x04e00000, 0x06fd0000)
  from space 4288K,  50% used [0x07400000, 0x07619338, 0x07830000)
  to   space 4288K,   0% used [0x06fd0000, 0x06fd0000, 0x07400000)
 tenured generation   total 86292K, used 85177K [0x14e00000, 0x1a245000, 0x34e00000)
   the space 86292K,  98% used [0x14e00000, 0x1a12e5e8, 0x1a12e600, 0x1a245000)
 Metaspace       used 38125K, capacity 38921K, committed 39040K, reserved 39296K
}
Event: 63.461 GC heap before
{Heap before GC invocations=343 (full 3):
 def new generation   total 38912K, used 36471K [0x04e00000, 0x07830000, 0x14e00000)
  eden space 34624K,  99% used [0x04e00000, 0x06f84aa8, 0x06fd0000)
  from space 4288K,  50% used [0x07400000, 0x07619338, 0x07830000)
  to   space 4288K,   0% used [0x06fd0000, 0x06fd0000, 0x07400000)
 tenured generation   total 86292K, used 85177K [0x14e00000, 0x1a245000, 0x34e00000)
   the space 86292K,  98% used [0x14e00000, 0x1a12e5e8, 0x1a12e600, 0x1a245000)
 Metaspace       used 38175K, capacity 38960K, committed 39040K, reserved 39296K
Event: 63.480 GC heap after
Heap after GC invocations=344 (full 3):
 def new generation   total 38912K, used 2255K [0x04e00000, 0x07830000, 0x14e00000)
  eden space 34624K,   0% used [0x04e00000, 0x04e00000, 0x06fd0000)
  from space 4288K,  52% used [0x06fd0000, 0x07203f00, 0x07400000)
  to   space 4288K,   0% used [0x07400000, 0x07400000, 0x07830000)
 tenured generation   total 86292K, used 85217K [0x14e00000, 0x1a245000, 0x34e00000)
   the space 86292K,  98% used [0x14e00000, 0x1a1385b8, 0x1a138600, 0x1a245000)
 Metaspace       used 38175K, capacity 38960K, committed 39040K, reserved 39296K
}
Event: 119.979 GC heap before
{Heap before GC invocations=344 (full 3):
 def new generation   total 38912K, used 36879K [0x04e00000, 0x07830000, 0x14e00000)
  eden space 34624K, 100% used [0x04e00000, 0x06fd0000, 0x06fd0000)
  from space 4288K,  52% used [0x06fd0000, 0x07203f00, 0x07400000)
  to   space 4288K,   0% used [0x07400000, 0x07400000, 0x07830000)
 tenured generation   total 86292K, used 85217K [0x14e00000, 0x1a245000, 0x34e00000)
   the space 86292K,  98% used [0x14e00000, 0x1a1385b8, 0x1a138600, 0x1a245000)
 Metaspace       used 38464K, capacity 39312K, committed 39424K, reserved 40320K
Event: 120.013 GC heap after
Heap after GC invocations=345 (full 3):
 def new generation   total 38912K, used 3179K [0x04e00000, 0x07830000, 0x14e00000)
  eden space 34624K,   0% used [0x04e00000, 0x04e00000, 0x06fd0000)
  from space 4288K,  74% used [0x07400000, 0x0771afe0, 0x07830000)
  to   space 4288K,   0% used [0x06fd0000, 0x06fd0000, 0x07400000)
 tenured generation   total 86292K, used 85506K [0x14e00000, 0x1a245000, 0x34e00000)
   the space 86292K,  99% used [0x14e00000, 0x1a180918, 0x1a180a00, 0x1a245000)
 Metaspace       used 38464K, capacity 39312K, committed 39424K, reserved 40320K
}

